<?xml version="1.0" encoding="UTF-8"?>
<testsuite xmlns:xsi="http://www.w3.org/2001/XMLSchema-instance" xsi:noNamespaceSchemaLocation="https://maven.apache.org/surefire/maven-surefire-plugin/xsd/surefire-test-report.xsd" name="za.co.group.Dealerships.controller.DealershipControllerTest" time="0.532" tests="6" errors="0" skipped="0" failures="0">
  <properties>
[...]
</properties>
  <testcase name="testAddNewDealershipWhenAllFieldsAreCorrect_AndCancelBeforeSaving" classname="za.co.group.Dealerships.controller.DealershipControllerTest" time="0.334"/>
  <testcase name="testAddNewDealershipWhenPostalCodeIsIncorrect" classname="za.co.group.Dealerships.controller.DealershipControllerTest" time="0.007"/>
  <testcase name="testIfDependenciesAreCalledWhenEntryPageIsCalled" classname="za.co.group.Dealerships.controller.DealershipControllerTest" time="0.003"/>
  <testcase name="testAddNewDealershipWhenNotAllFieldsProvided" classname="za.co.group.Dealerships.controller.DealershipControllerTest" time="0.008"/>
  <testcase name="testIfAllDependenciesAreCalledWhenAddingNewEntry" classname="za.co.group.Dealerships.controller.DealershipControllerTest" time="0.004"/>
  <testcase name="testAddNewDealershipWhenAllFieldsAreCorrect_AndSave" classname="za.co.group.Dealerships.controller.DealershipControllerTest" time="0.004"/>
</testsuite>